make all --print-data-base --no-builtin-variables --no-builtin-rules --question
# GNU Make 3.81
# Copyright (C) 2006  Free Software Foundation, Inc.
# This is free software; see the source for copying conditions.
# There is NO warranty; not even for MERCHANTABILITY or FITNESS FOR A
# PARTICULAR PURPOSE.

# This program built for i386-apple-darwin11.3.0
 
make: *** No rule to make target `all'.  Stop.


# Make data base, printed on Tue May 31 19:25:41 2022

# Variables

# automatic
<D = $(patsubst %/,%,$(dir $<))
# automatic
?F = $(notdir $?)
# environment
JABBA_HOME = /Users/buhe/.jabba
# environment
LIBCLANG_PATH = /Users/buhe/.espressif/tools/xtensa-esp32-elf-clang/esp-13.0.0-20211203-x86_64-apple-darwin/lib/
# environment
VSCODE_LOG_NATIVE = false
# automatic
?D = $(patsubst %/,%,$(dir $?))
# environment
PLATFORMIO_IDE = 2.4.3
# automatic
@D = $(patsubst %/,%,$(dir $@))
# automatic
@F = $(notdir $@)
# makefile
CURDIR := /Users/buhe/code/gitHub/bugu-computer
# makefile
SHELL = /bin/sh
# environment
VSCODE_NLS_CONFIG = {"locale":"zh-cn","availableLanguages":{"*":"zh-cn"},"_languagePackId":"42e84e0914b17800d483f69e299e1b00.zh-cn","_translationsConfigFile":"/Users/buhe/Library/Application Support/Code/clp/42e84e0914b17800d483f69e299e1b00.zh-cn/tcf.json","_cacheRoot":"/Users/buhe/Library/Application Support/Code/clp/42e84e0914b17800d483f69e299e1b00.zh-cn","_resolvedLanguagePackCoreLocation":"/Users/buhe/Library/Application Support/Code/clp/42e84e0914b17800d483f69e299e1b00.zh-cn/c3511e6c69bb39013c4a4b7b9566ec1ca73fc4d5","_corruptedFile":"/Users/buhe/Library/Application Support/Code/clp/42e84e0914b17800d483f69e299e1b00.zh-cn/corrupted.info","_languagePackSupport":true}
# environment
_ = /usr/bin/make
# makefile
MAKEFILE_LIST := 
# environment
VSCODE_VERBOSE_LOGGING = true
# environment
__CFBundleIdentifier = com.microsoft.VSCode
# environment
WASMER_DIR = /Users/buhe/.wasmer
# environment
VSCODE_IPC_HOOK_EXTHOST = /var/folders/6h/k31qrd2s5058j86g_v0ckwdm0000gn/T/vscode-ipc-2110fedb-0d66-4999-9c67-410e11ab55c2.sock
# environment
VSCODE_CWD = /
# environment
NO_PROXY = 127.0.0.1
# environment
LSCOLORS = Gxfxcxdxbxegedabagacad
# default
.INCLUDE_DIRS = /usr/local/include
# environment
VSCODE_LOG_STACK = false
# environment
ELECTRON_RUN_AS_NODE = 1
# default
.FEATURES := target-specific order-only second-expansion else-if archives jobserver check-symlink
# environment
SSH_AUTH_SOCK = /private/tmp/com.apple.launchd.zciylBZJOn/Listeners
# automatic
%F = $(notdir $%)
# environment
VSCODE_PIPE_LOGGING = true
# environment
PWD = /Users/buhe/code/gitHub/bugu-computer
# environment
ORIGINAL_XDG_CURRENT_DESKTOP = undefined
# environment
VSCODE_AMD_ENTRYPOINT = vs/workbench/api/node/extensionHostProcess
# environment
HOME = /Users/buhe
# default
MAKEFILEPATH := /Applications/Xcode.app/Contents/Developer/Makefiles
# environment
VSCODE_CODE_CACHE_PATH = /Users/buhe/Library/Application Support/Code/CachedData/c3511e6c69bb39013c4a4b7b9566ec1ca73fc4d5
# environment
LOGNAME = buhe
# environment
APPLICATION_INSIGHTS_NO_DIAGNOSTIC_CHANNEL = 1
# environment
WASMTIME_HOME = /Users/buhe/.wasmtime
# environment
ZSH = /Users/buhe/.oh-my-zsh
# environment
VSCODE_HANDLES_UNCAUGHT_ERRORS = true
# automatic
^D = $(patsubst %/,%,$(dir $^))
# environment
DEVKITPRO = /opt/devkitpro
# environment
PLATFORMIO_PATH = /Users/buhe/.platformio/python3/bin:/Users/buhe/.espressif/tools/xtensa-esp32-elf-clang/esp-13.0.0-20211203-x86_64-apple-darwin/bin/:/Users/buhe/.wasmtime/bin:/Users/buhe/.wasmer/bin:/Users/buhe/code/gitHub/bugu-lang/riscv-gcc/bin:/Users/buhe/.jabba/jdk/openjdk@1.16.0/Contents/Home/bin:/Applications:/usr/local/bin:/usr/bin:/bin:/usr/sbin:/sbin:/opt/devkitpro/tools/bin:/Library/Apple/usr/bin:/Users/buhe/.cargo/bin:/Users/buhe/.wasmer/globals/wapm_packages/.bin
# default
MAKE = $(MAKE_COMMAND)
# default
MAKECMDGOALS := all
# environment
PATH = /Users/buhe/.espressif/tools/xtensa-esp32-elf-clang/esp-13.0.0-20211203-x86_64-apple-darwin/bin/:/Users/buhe/.wasmtime/bin:/Users/buhe/.wasmer/bin:/Users/buhe/code/gitHub/bugu-lang/riscv-gcc/bin:/Users/buhe/.jabba/jdk/openjdk@1.16.0/Contents/Home/bin:/Applications:/usr/local/bin:/usr/bin:/bin:/usr/sbin:/sbin:/opt/devkitpro/tools/bin:/Library/Apple/usr/bin:/Users/buhe/.cargo/bin:/Users/buhe/.wasmer/globals/wapm_packages/.bin
# environment
DEVKITARM = /opt/devkitpro/devkitARM
# environment
SHLVL = 1
# environment
WASMER_CACHE_DIR = /Users/buhe/.wasmer/cache
# environment
JAVA_HOME = /Users/buhe/.jabba/jdk/openjdk@1.16.0/Contents/Home
# default
MAKE_VERSION := 3.81
# environment
USER = buhe
# environment
XPC_FLAGS = 0x0
# makefile
.DEFAULT_GOAL := 
# environment
LESS = -R
# automatic
%D = $(patsubst %/,%,$(dir $%))
# environment
PIP_USER = no
# default
MAKE_COMMAND := /Applications/Xcode.app/Contents/Developer/usr/bin/make
# default
.VARIABLES := 
# environment
TMPDIR = /var/folders/6h/k31qrd2s5058j86g_v0ckwdm0000gn/T/
# automatic
*F = $(notdir $*)
# environment
export = 
# environment
VSCODE_IPC_HOOK = /Users/buhe/Library/Application Support/Code/1.67.2-main.sock
# makefile
MAKEFLAGS = Rrqp
# environment
MFLAGS = -Rrqp
# automatic
*D = $(patsubst %/,%,$(dir $*))
# environment
XPC_SERVICE_NAME = application.com.microsoft.VSCode.71444992.71444998
# automatic
+D = $(patsubst %/,%,$(dir $+))
# automatic
+F = $(notdir $+)
# environment
__CF_USER_TEXT_ENCODING = 0x1F5:0x19:0x34
# environment
COMMAND_MODE = unix2003
# default
MAKEFILES := 
# automatic
<F = $(notdir $<)
# environment
PLATFORMIO_CALLER = vscode
# environment
PAGER = less
# environment
LC_ALL = C
# automatic
^F = $(notdir $^)
# default
SUFFIXES := 
# environment
DEVKITPPC = /opt/devkitpro/devkitPPC
# environment
MAKELEVEL := 0
# environment
LANG = C
# environment
VSCODE_PID = 5098
# environment
JAVA_HOME_BEFORE_JABBA = 
# variable set hash-table stats:
# Load=82/1024=8%, Rehash=0, Collisions=6/103=6%

# Pattern-specific Variable Values

# No pattern-specific variable values.

# Directories

# . (device 16777221, inode 72302446): 8 files, no impossibilities.

# 8 files, no impossibilities in 1 directories.

# Implicit Rules

# No implicit rules.

# Files

# Not a target:
all:
#  Command-line target.
#  Implicit rule search has been done.
#  File does not exist.
#  File has not been updated.
# variable set hash-table stats:
# Load=0/32=0%, Rehash=0, Collisions=0/0=0%

# Not a target:
.SUFFIXES:
#  Implicit rule search has not been done.
#  Modification time never checked.
#  File has not been updated.

# Not a target:
Makefile:
#  A default, MAKEFILES, or -include/sinclude makefile.
#  Implicit rule search has been done.
#  File does not exist.
#  File has been updated.
#  Failed to be updated.
# variable set hash-table stats:
# Load=0/32=0%, Rehash=0, Collisions=0/0=0%

# Not a target:
makefile:
#  A default, MAKEFILES, or -include/sinclude makefile.
#  Implicit rule search has been done.
#  File does not exist.
#  File has been updated.
#  Failed to be updated.
# variable set hash-table stats:
# Load=0/32=0%, Rehash=0, Collisions=0/0=0%

# Not a target:
.DEFAULT:
#  Implicit rule search has not been done.
#  Modification time never checked.
#  File has not been updated.

# Not a target:
GNUmakefile:
#  A default, MAKEFILES, or -include/sinclude makefile.
#  Implicit rule search has been done.
#  File does not exist.
#  File has been updated.
#  Failed to be updated.
# variable set hash-table stats:
# Load=0/32=0%, Rehash=0, Collisions=0/0=0%

# files hash-table stats:
# Load=6/1024=1%, Rehash=0, Collisions=0/17=0%
# VPATH Search Paths

# No `vpath' search paths.

# No general (`VPATH' variable) search path.

# # of strings in strcache: 0
# # of strcache buffers: 0
# strcache size: total = 0 / max = 0 / min = 4096 / avg = 0
# strcache free: total = 0 / max = 0 / min = 4096 / avg = 0

# Finished Make data base on Tue May 31 19:25:41 2022

 
